[2016.06.09-06.40.24:725][  0]Log file open, 06/09/16 01:40:24
[2016.06.09-06.40.24:725][  0]LogInit:Display: Running engine for game: BIO_RUBE_V1
[2016.06.09-06.40.24:725][  0]LogPlatformFile: Not using cached read wrapper
[2016.06.09-06.40.24:725][  0]LogInit:Display: RandInit(-252445236) SRandInit(-252445235).
[2016.06.09-06.40.24:725][  0]LogTaskGraph: Started task graph with 4 named threads and 7 total threads.
[2016.06.09-06.40.24:725][  0]LogStats: Stats thread started at 0.069504
[2016.06.09-06.40.24:725][  0]LogInit: Version: 4.10.4-2872498+++depot+UE4-Releases+4.10
[2016.06.09-06.40.24:725][  0]LogInit: API Version: 2758231
[2016.06.09-06.40.24:725][  0]LogInit: Compiled (64-bit): Feb 18 2016 15:47:04
[2016.06.09-06.40.24:725][  0]LogInit: Compiled with Visual C++: 19.00.23026.00
[2016.06.09-06.40.24:725][  0]LogInit: Build Configuration: Development
[2016.06.09-06.40.24:725][  0]LogInit: Branch Name: ++depot+UE4-Releases+4.10
[2016.06.09-06.40.24:725][  0]LogInit: Command line:  
[2016.06.09-06.40.24:725][  0]LogInit: Base directory: D:/Unreal/Epic Games/4.10/Engine/Binaries/Win64/
[2016.06.09-06.40.24:725][  0]LogInit: Rocket: 1
[2016.06.09-06.40.24:729][  0]LogInit: Using libcurl 7.41.0
[2016.06.09-06.40.24:729][  0]LogInit:  - built for x86_64-pc-win32
[2016.06.09-06.40.24:729][  0]LogInit:  - supports SSL with WinSSL
[2016.06.09-06.40.24:729][  0]LogInit:  - other features:
[2016.06.09-06.40.24:729][  0]LogInit:      CURL_VERSION_SSL
[2016.06.09-06.40.24:729][  0]LogInit:      CURL_VERSION_IPV6
[2016.06.09-06.40.24:729][  0]LogInit:      CURL_VERSION_ASYNCHDNS
[2016.06.09-06.40.24:729][  0]LogInit:      CURL_VERSION_LARGEFILE
[2016.06.09-06.40.24:729][  0]LogInit:      CURL_VERSION_IDN
[2016.06.09-06.40.24:729][  0]LogInit:  CurlRequestOptions (configurable via config and command line):
[2016.06.09-06.40.24:729][  0]LogInit:  - bVerifyPeer = true  - Libcurl will verify peer certificate
[2016.06.09-06.40.24:729][  0]LogInit:  - bUseHttpProxy = false  - Libcurl will NOT use HTTP proxy
[2016.06.09-06.40.24:729][  0]LogInit:  - bDontReuseConnections = false  - Libcurl will reuse connections
[2016.06.09-06.40.24:729][  0]LogInit:  - CertBundlePath = nullptr  - Libcurl will use whatever was configured at build time.
[2016.06.09-06.40.24:736][  0]LogInit: Presizing for 0 objects not considered by GC, pre-allocating 0 bytes.
[2016.06.09-06.40.24:742][  0]LogInit: Object subsystem initialized
[2016.06.09-06.40.24:742][  0]LogInit: Selected Device Profile: [Windows]
[2016.06.09-06.40.24:742][  0]LogInit: Applying CVar settings loaded from the selected device profile: [Windows]
[2016.06.09-06.40.24:755][  0]LogInit: Computer: DESKTOP-SOKGT6E
[2016.06.09-06.40.24:755][  0]LogInit: User: JohnGarth
[2016.06.09-06.40.24:755][  0]LogInit: CPU Page size=4096, Cores=4
[2016.06.09-06.40.24:755][  0]LogInit: High frequency timer resolution =3.027357 MHz
[2016.06.09-06.40.24:755][  0]LogMemory: Memory total: Physical=7.9GB (8GB approx)
[2016.06.09-06.40.24:755][  0]LogMemory: Platform Memory Stats for Windows
[2016.06.09-06.40.24:755][  0]LogMemory: Process Physical Memory: 55.90 MB used, 55.90 MB peak
[2016.06.09-06.40.24:755][  0]LogMemory: Process Virtual Memory: 56.76 MB used, 56.76 MB peak
[2016.06.09-06.40.24:755][  0]LogMemory: Physical Memory: 5372.75 MB used, 8136.02 MB total
[2016.06.09-06.40.24:755][  0]LogMemory: Virtual Memory: 382.48 MB used, 134217728.00 MB total
[2016.06.09-06.40.24:789][  0]LogTextLocalizationManager: No specific translations for ('en-US') exist, so ('en') translations will be used.
[2016.06.09-06.40.25:229][  0]LogD3D11RHI: Found D3D11 adapter 0: AMD Radeon R9 200 Series (Feature Level 11_0)
[2016.06.09-06.40.25:229][  0]LogD3D11RHI: Adapter has 3054MB of dedicated video memory, 0MB of dedicated system memory, and 4068MB of shared system memory, 2 output[s]
[2016.06.09-06.40.25:230][  0]LogD3D11RHI: Found D3D11 adapter 1: Microsoft Basic Render Driver (Feature Level 11_0)
[2016.06.09-06.40.25:230][  0]LogD3D11RHI: Adapter has 0MB of dedicated video memory, 0MB of dedicated system memory, and 4068MB of shared system memory, 0 output[s]
[2016.06.09-06.40.25:231][  0]LogD3D11RHI: Chosen D3D11 Adapter Id = 0
[2016.06.09-06.40.25:237][  0]LogD3D11RHI: !Direct3DDevice
[2016.06.09-06.40.25:237][  0]LogRHI: Texture pool is 1361 MB (70% of 1945 MB)
[2016.06.09-06.40.25:252][  0]LogD3D11RHI: Async texture creation disabled: no driver support
[2016.06.09-06.40.25:260][  0]LogShaderCompilers: Guid format shader working directory is 22 characters bigger than the processId version (../../../../../BIO_RUBE_V1/Intermediate/Shaders/WorkingDirectory/10536/).
[2016.06.09-06.40.25:260][  0]LogShaderCompilers: Cleaned the shader compiler working directory 'C:/Users/JOHNGA~1/AppData/Local/Temp/UnrealShaderWorkingDir/34C65FCD41CD1014DEA5099672BE008F/'.
[2016.06.09-06.40.25:260][  0]LogShaderCompilers:Display: Using Local Shader Compiler.
[2016.06.09-06.40.26:307][  0]LogTemp:Display: Loaded TP AllDesktopTargetPlatform
[2016.06.09-06.40.26:311][  0]LogTemp:Display: Loaded TP WindowsClientTargetPlatform
[2016.06.09-06.40.26:317][  0]LogTemp:Display: Loaded TP WindowsNoEditorTargetPlatform
[2016.06.09-06.40.26:321][  0]LogTemp:Display: Loaded TP WindowsServerTargetPlatform
[2016.06.09-06.40.26:325][  0]LogTemp:Display: Loaded TP WindowsTargetPlatform
[2016.06.09-06.40.26:327][  0]LogTemp:Display: Loaded TP AndroidTargetPlatform
[2016.06.09-06.40.26:329][  0]LogTemp:Display: Loaded TP Android_ASTCTargetPlatform
[2016.06.09-06.40.26:331][  0]LogTemp:Display: Loaded TP Android_ATCTargetPlatform
[2016.06.09-06.40.26:334][  0]LogTemp:Display: Loaded TP Android_DXTTargetPlatform
[2016.06.09-06.40.26:337][  0]LogTemp:Display: Loaded TP Android_ETC1TargetPlatform
[2016.06.09-06.40.26:340][  0]LogTemp:Display: Loaded TP Android_ETC2TargetPlatform
[2016.06.09-06.40.26:345][  0]LogTemp:Display: Loaded TP Android_MultiTargetPlatform
[2016.06.09-06.40.26:345][  0]LogTemp:Display: Loaded TP Android_PVRTCTargetPlatform
[2016.06.09-06.40.26:345][  0]LogTemp:Display: Loaded TP HTML5TargetPlatform
[2016.06.09-06.40.26:361][  0]LogTemp:Display: Loaded TP IOSTargetPlatform
[2016.06.09-06.40.26:364][  0]LogTemp:Display: Loaded TP LinuxNoEditorTargetPlatform
[2016.06.09-06.40.26:367][  0]LogTemp:Display: Loaded TP LinuxServerTargetPlatform
[2016.06.09-06.40.26:370][  0]LogTemp:Display: Loaded TP LinuxTargetPlatform
[2016.06.09-06.40.26:370][  0]LogTargetPlatformManager:Display: Building Assets For Windows
[2016.06.09-06.40.26:430][  0]LogDerivedDataCache:Display: Max Cache Size: 512 MB
[2016.06.09-06.40.26:563][  0]LogDerivedDataCache: Loaded boot cache 0.13s 41MB C:/Users/JohnGarth/AppData/Local/UnrealEngine/4.10/DerivedDataCache/Boot.ddc.
[2016.06.09-06.40.26:563][  0]LogDerivedDataCache:Display: Loaded Boot cache: C:/Users/JohnGarth/AppData/Local/UnrealEngine/4.10/DerivedDataCache/Boot.ddc
[2016.06.09-06.40.26:563][  0]LogDerivedDataCache: FDerivedDataBackendGraph:  Pak pak cache file ../../../../../BIO_RUBE_V1/DerivedDataCache/DDC.ddp not found, will not use a pak cache.
[2016.06.09-06.40.26:563][  0]LogDerivedDataCache: Unable to find inner node Pak for hierarchical cache Hierarchy.
[2016.06.09-06.40.26:563][  0]LogDerivedDataCache: FDerivedDataBackendGraph:  CompressedPak pak cache file ../../../../../BIO_RUBE_V1/DerivedDataCache/Compressed.ddp not found, will not use a pak cache.
[2016.06.09-06.40.26:563][  0]LogDerivedDataCache: Unable to find inner node CompressedPak for hierarchical cache Hierarchy.
[2016.06.09-06.40.26:668][  0]LogDerivedDataCache:Display: Pak cache opened for reading ../../../Engine/DerivedDataCache/Compressed.ddp.
[2016.06.09-06.40.26:680][  0]LogDerivedDataCache: Using Local data cache path C:/Users/JohnGarth/AppData/Local/UnrealEngine/Common/DerivedDataCache: Writable
[2016.06.09-06.40.32:245][  0]LogInit: Selected Device Profile: [Windows]
[2016.06.09-06.40.32:286][  0]LogContentStreaming: Texture pool size is 0.000000MB
[2016.06.09-06.40.33:508][  0]LogMeshUtilities: No automatic mesh reduction module available
[2016.06.09-06.40.33:508][  0]LogMeshUtilities: No automatic mesh merging module available
[2016.06.09-06.40.35:883][  0]LogInit: WinSock: version 1.1 (2.2), MaxSocks=32767, MaxUdp=65467
[2016.06.09-06.40.49:576][  0]UdpMessaging: Initializing bridge on interface 0.0.0.0:0 to multicast group 230.0.0.1:6666.
[2016.06.09-06.40.50:027][  0]LogAssetRegistry: FAssetRegistry took 0.0132 seconds to start up
[2016.06.09-06.40.52:883][  0]SourceControl: Info Source control is disabled
[2016.06.09-06.40.52:894][  0]SourceControl: Info Source control is disabled
[2016.06.09-06.40.52:933][  0]SourceControl: Info Source control is disabled
[2016.06.09-06.40.53:008][  0]SourceControl: Info Source control is disabled
[2016.06.09-06.40.53:840][  0]LogObj: 28633 objects as part of root set at end of initial load.
[2016.06.09-06.40.53:840][  0]LogUObjectAllocator: 6099744 out of 0 bytes used by permanent object pool.
[2016.06.09-06.40.57:083][  0]LogAutomationTest:Warning: Smoke tests took > 1s to run: 2.47s
[2016.06.09-06.40.57:194][  0]LogEngine: Initializing Engine...
[2016.06.09-06.40.57:307][  0]LogHMD: Can't find Oculus library dev build: is proper Runtime installed? Version: 0.8.0.0
[2016.06.09-06.40.57:587][  0]LogHMD: SteamVR failed to initialize.  Err: 108
[2016.06.09-06.40.58:502][  0]LogAIModule: Creating AISystem for world NewWorld
[2016.06.09-06.40.58:656][  0]LogInit: XAudio2 using 'Headset Earphone (HyperX 7.1 Audio)' : 2 channels at 44.1 kHz using 16 bits per sample (channel mask 0x3)
[2016.06.09-06.40.58:675][  0]LogInit: FAudioDevice initialized.
[2016.06.09-06.40.58:697][  0]LogDerivedDataCache: Saved boot cache 0.02s 41MB C:/Users/JohnGarth/AppData/Local/UnrealEngine/4.10/DerivedDataCache/Boot.ddc.
[2016.06.09-06.40.58:701][  0]LogInit: Texture streaming: Enabled
[2016.06.09-06.40.58:799][  0]LogAnalytics: Creating configured Analytics provider AnalyticsET
[2016.06.09-06.40.58:800][  0]LogAnalytics: [UEEditor.Rocket.Release] APIServer = http://et2.epicgames.com/ET2/. AppVersion = 4.10.4-2872498+++depot+UE4-Releases+4.10
[2016.06.09-06.40.58:800][  0]LogAnalytics: [UEEditor.Rocket.Release] SetUserId 9ac05ee748373d83e5c4018617f6954d|093d157f8aa045579afa5ef2d433a887|861f61f0-8a8e-4484-817f-688c2e6b4c84
[2016.06.09-06.40.58:823][  0]LogAnalytics: [UEEditor.Rocket.Release] AnalyticsET::StartSession
[2016.06.09-06.40.58:995][  0]LogInit: Transaction tracking system initialized
[2016.06.09-06.40.59:536][  0]BlueprintLog: New page: Editor Load
[2016.06.09-06.41.06:300][  0]LocalizationService: Info Localization service is disabled
[2016.06.09-06.41.07:335][  0]LogConsoleResponse:Display: 
[2016.06.09-06.41.11:321][  0]LogFileCache: Scanning file cache for directory 'D:/Unreal/BIO_RUBE_V1/Content/' took 0.11s
[2016.06.09-06.41.11:321][  0]LogCook:Display: Done creating registry. It took  0.00s.
[2016.06.09-06.41.12:229][  0]SourceControl: Info Source control is disabled
[2016.06.09-06.41.12:290][  0]Cmd: MAP LOAD FILE="../../../../../BIO_RUBE_V1/Content/StarterContent/Maps/Minimal_Default.umap" TEMPLATE=0 SHOWPROGRESS=1 FEATURELEVEL=3
[2016.06.09-06.41.12:346][  0]LightingResults: New page: Lighting Build
[2016.06.09-06.41.12:724][  0]MapCheck: New page: Map Check
[2016.06.09-06.41.12:724][  0]LightingResults: New page: Lighting Build
[2016.06.09-06.41.13:308][  0]LogParticles: Destroying 0 GPU particle simulations for FXSystem 0x00000168D18E2AC0
[2016.06.09-06.41.15:816][  0]LogAIModule: Creating AISystem for world Minimal_Default
[2016.06.09-06.41.16:754][  0]LogEditorServer: Finished looking for orphan Actors (0.009 secs)
[2016.06.09-06.41.16:829][  0]Cmd: MAP CHECKDEP NOCLEARLOG
[2016.06.09-06.41.16:911][  0]MapCheck: Info Map check complete: 0 Error(s), 0 Warning(s), took 81.91ms to complete.
[2016.06.09-06.41.16:942][  0]LogFileHelpers: Loading map 'Minimal_Default' took 4.663
[2016.06.09-06.41.21:126][  0]LogCollectionManager: Loaded 0 collections in 0.001216 seconds
[2016.06.09-06.41.21:428][  0]LogFileCache: Scanning file cache for directory 'D:/Unreal/BIO_RUBE_V1/Saved/Collections/' took 0.01s
[201