Log file open, 06/09/16 19:21:04
LogInit:Display: Running engine for game: BIO_RUBE_V1
LogPlatformFile: Not using cached read wrapper
LogInit:Display: RandInit(-869616106) SRandInit(-869616105).
LogTaskGraph: Started task graph with 4 named threads and 7 total threads with 1 sets of task threads.
LogStats: Stats thread started at 0.090522
LogInit: Version: 4.12.2-3005592+++UE4+Release-4.12
LogInit: API Version: 2992821
LogInit: Net Version: 3005592
LogDevObjectVersion: Number of dev versions registered: 13
LogDevObjectVersion:   Dev-Blueprints (B0D832E4-1F89-4F0D-ACCF-7EB736FD4AA2): 3
LogDevObjectVersion:   Dev-Build (E1C64328-A22C-4D53-A36C-8E866417BD8C): 0
LogDevObjectVersion:   Dev-Core (375EC13C-06E4-48FB-B500-84F0262A717E): 1
LogDevObjectVersion:   Dev-Editor (E4B068ED-F494-42E9-A231-DA0B2E46BB41): 2
LogDevObjectVersion:   Dev-Framework (CFFC743F-43B0-4480-9391-14DF171D2073): 6
LogDevObjectVersion:   Dev-Mobile (B02B49B5-BB20-44E9-A304-32B752E40360): 0
LogDevObjectVersion:   Dev-Networking (A4E4105C-59A1-49B5-A7C5-40C4547EDFEE): 0
LogDevObjectVersion:   Dev-Online (39C831C9-5AE6-47DC-9A44-9C173E1C8E7C): 0
LogDevObjectVersion:   Dev-Physics (78F01B33-EBEA-4F98-B9B4-84EACCB95AA2): 0
LogDevObjectVersion:   Dev-Platform (6631380F-2D4D-43E0-8009-CF276956A95A): 0
LogDevObjectVersion:   Dev-Rendering (12F88B9F-8875-4AFC-A67C-D90C383ABD29): 2
LogDevObjectVersion:   Dev-Sequencer (7B5AE74C-D270-4C10-A958-57980B212A5A): 0
LogDevObjectVersion:   Dev-VR (D7296918-1DD6-4BDD-9DE2-64A83CC13884): 0
LogInit: Compiled (64-bit): Jun  8 2016 08:57:49
LogInit: Compiled with Visual C++: 19.00.23026.00
LogInit: Build Configuration: Development
LogInit: Branch Name: ++UE4+Release-4.12
LogInit: Command line:  
LogInit: Base directory: D:/Unreal/Epic Games/4.12/Engine/Binaries/Win64/
LogInit: Installed Engine Build: 1
LogInit: Using libcurl 7.41.0
LogInit:  - built for x86_64-pc-win32
LogInit:  - supports SSL with WinSSL
LogInit:  - other features:
LogInit:      CURL_VERSION_SSL
LogInit:      CURL_VERSION_IPV6
LogInit:      CURL_VERSION_ASYNCHDNS
LogInit:      CURL_VERSION_LARGEFILE
LogInit:      CURL_VERSION_IDN
LogInit:  CurlRequestOptions (configurable via config and command line):
LogInit:  - bVerifyPeer = true  - Libcurl will verify peer certificate
LogInit:  - bUseHttpProxy = false  - Libcurl will NOT use HTTP proxy
LogInit:  - bDontReuseConnections = false  - Libcurl will reuse connections
LogInit:  - CertBundlePath = nullptr  - Libcurl will use whatever was configured at build time.
LogInit: Presizing for max 8388607 objects, including 0 objects not considered by GC, pre-allocating 0 bytes for permanent pool.
LogInit: Object subsystem initialized
[2016.06.10-00.21.04:934][  0]LogInit: Selected Device Profile: [Windows]
[2016.06.10-00.21.04:934][  0]LogInit: Applying CVar settings loaded from the selected device profile: [Windows]
[2016.06.10-00.21.04:981][  0]LogInit: Computer: DESKTOP-SOKGT6E
[2016.06.10-00.21.04:982][  0]LogInit: User: JohnGarth
[2016.06.10-00.21.04:982][  0]LogInit: CPU Page size=65536, Cores=4
[2016.06.10-00.21.04:982][  0]LogInit: High frequency timer resolution =3.027357 MHz
[2016.06.10-00.21.04:982][  0]LogMemory: Memory total: Physical=7.9GB (8GB approx)
[2016.06.10-00.21.04:995][  0]LogMemory: Platform Memory Stats for Windows
[2016.06.10-00.21.04:995][  0]LogMemory: Process Physical Memory: 207.47 MB used, 207.47 MB peak
[2016.06.10-00.21.04:995][  0]LogMemory: Process Virtual Memory: 197.07 MB used, 197.07 MB peak
[2016.06.10-00.21.04:995][  0]LogMemory: Physical Memory: 7404.86 MB used, 8136.02 MB total
[2016.06.10-00.21.04:995][  0]LogMemory: Virtual Memory: 575.80 MB used, 134217728.00 MB total
[2016.06.10-00.21.05:492][  0]LogTextLocalizationManager: No specific translations for ('en-US') exist, so ('en') translations will be used.
[2016.06.10-00.21.06:138][  0]LogD3D11RHI: D3D11 adapters:
[2016.06.10-00.21.06:158][  0]LogD3D11RHI:    0. 'AMD Radeon R9 200 Series' (Feature Level 11_0)
[2016.06.10-00.21.06:158][  0]LogD3D11RHI:       3054/0/4068 MB DedicatedVideo/DedicatedSystem/SharedSystem, Outputs:2, VendorId:0x1002
[2016.06.10-00.21.06:164][  0]LogD3D11RHI:    1. 'Microsoft Basic Render Driver' (Feature Level 11_0)
[2016.06.10-00.21.06:164][  0]LogD3D11RHI:       0/0/4068 MB DedicatedVideo/DedicatedSystem/SharedSystem, Outputs:0, VendorId:0x1414
[2016.06.10-00.21.06:164][  0]LogD3D11RHI: Chosen D3D11 Adapter: 0
[2016.06.10-00.21.06:170][  0]LogD3D11RHI: Creating new Direct3DDevice
[2016.06.10-00.21.06:170][  0]LogD3D11RHI:     GPU DeviceId: 0x6798 (for the marketing name, search the web for "GPU Device Id")
[2016.06.10-00.21.06:170][  0]LogWindows: EnumDisplayDevices:
[2016.06.10-00.21.06:170][  0]LogWindows:    0. 'AMD Radeon R9 200 Series' (P:1 D:1)
[2016.06.10-00.21.06:170][  0]LogWindows:    1. 'AMD Radeon R9 200 Series' (P:0 D:1)
[2016.06.10-00.21.06:170][  0]LogWindows:    2. 'AMD Radeon R9 200 Series' (P:0 D:0)
[2016.06.10-00.21.06:171][  0]LogWindows:    3. 'AMD Radeon R9 200 Series' (P:0 D:0)
[2016.06.10-00.21.06:171][  0]LogWindows:    4. 'AMD Radeon R9 200 Series' (P:0 D:0)
[2016.06.10-00.21.06:171][  0]LogWindows:    5. 'AMD Radeon R9 200 Series' (P:0 D:0)
[2016.06.10-00.21.06:171][  0]LogWindows: DebugString: FoundDriverCount:6 
[2016.06.10-00.21.06:171][  0]LogD3D11RHI:     Adapter Name: AMD Radeon R9 200 Series
[2016.06.10-00.21.06:171][  0]LogD3D11RHI:   Driver Version: Crimson 16.5.3 (internal:16.200.1013.0, unified:16.200.1013.0)
[2016.06.10-00.21.06:171][  0]LogD3D11RHI:      Driver Date: 5-20-2016
[2016.06.10-00.21.06:171][  0]LogRHI: Texture pool is 1361 MB (70% of 1945 MB)
[2016.06.10-00.21.06:179][  0]LogD3D11RHI: Async texture creation disabled: no driver support
[2016.06.10-00.21.06:324][  0]LogD3D11RHI: GPU Timing Frequency: 27.000000 (Debug: 2 1)
[2016.06.10-00.21.06:357][  0]LogShaderCompilers: Guid format shader working directory is -15 characters bigger than the processId version (C:/Users/JohnGarth/Documents/GitHub/2016-Summer/BIO_RUBE_V1 4.12/Intermediate/Shaders/WorkingDirectory/3532/).
[2016.06.10-00.21.06:357][  0]LogShaderCompilers: Cleaned the shader compiler working directory 'C:/Users/JOHNGA~1/AppData/Local/Temp/UnrealShaderWorkingDir/D215CFF444397F5BD296F0B1E330A47A/'.
[2016.06.10-00.21.06:357][  0]LogShaderCompilers:Display: Using Local Shader Compiler.
[2016.06.10-00.21.08:094][  0]LogTemp:Display: Loaded TP AllDesktopTargetPlatform
[2016.06.10-00.21.08:103][  0]LogTemp:Display: Loaded TP WindowsClientTargetPlatform
[2016.06.10-00.21.08:113][  0]LogTemp:Display: Loaded TP WindowsNoEditorTargetPlatform
[2016.06.10-00.21.08:123][  0]LogTemp:Display: Loaded TP WindowsServerTargetPlatform
[2016.06.10-00.21.08:132][  0]LogTemp:Display: Loaded TP WindowsTargetPlatform
[2016.06.10-00.21.08:142][  0]LogTemp:Display: Loaded TP AndroidTargetPlatform
[2016.06.10-00.21.08:152][  0]LogTemp:Display: Loaded TP Android_ASTCTargetPlatform
[2016.06.10-00.21.08:161][  0]LogTemp:Display: Loaded TP Android_ATCTargetPlatform
[2016.06.10-00.21.08:170][  0]LogTemp:Display: Loaded TP Android_DXTTargetPlatform
[2016.06.10-00.21.08:179][  0]LogTemp:Display: Loaded TP Android_ETC1TargetPlatform
[2016.06.10-00.21.08:189][  0]LogTemp:Display: Loaded TP Android_ETC2TargetPlatform
[2016.06.10-00.21.08:207][  0]LogTemp:Display: Loaded TP Android_MultiTargetPlatform
[2016.06.10-00.21.08:207][  0]LogTemp:Display: Loaded TP Android_PVRTCTargetPlatform
[2016.06.10-00.21.08:209][  0]LogTemp:Display: Loaded TP HTML5TargetPlatform
[2016.06.10-00.21.08:251][  0]LogTemp:Display: Loaded TP IOSTargetPlatform
[2016.06.10-00.21.08:259][  0]LogTemp:Display: Loaded TP TVOSTargetPlatform
[2016.06.10-00.21.08:268][  0]LogTemp:Display: Loaded TP LinuxNoEditorTargetPlatform
[2016.06.10-00.21.08:277][  0]LogTemp:Display: Loaded TP LinuxServerTargetPlatform
[2016.06.10-00.21.08:295][  0]LogTemp:Display: Loaded TP LinuxTargetPlatform
[2016.06.10-00.21.08:295][  0]LogTargetPlatformManager:Display: Building Assets For Windows
[2016.06.10-00.21.08:638][  0]LogDerivedDataCache:Display: Max Cache Size: 512 MB
[2016.06.10-00.21.08:835][  0]LogDerivedDataCache: Loaded boot cache 0.20s 48MB C:/Users/JohnGarth/AppData/Local/UnrealEngine/4.12/DerivedDataCache/Boot.ddc.
[2016.06.10-00.21.08:836][  0]LogDerivedDataCache:Display: Loaded Boot cache: C:/Users/JohnGarth/AppData/Local/UnrealEngine/4.12/DerivedDataCache/Boot.ddc
[2016.06.10-00.21.08:836][  0]LogDerivedDataCache: FDerivedDataBackendGraph:  Pak pak cache file C:/Users/JohnGarth/Documents/GitHub/2016-Summer/BIO_RUBE_V1 4.12/DerivedDataCache/DDC.ddp not found, will not use a pak cache.
[2016.06.10-00.21.08:836][  0]LogDerivedDataCache: Unable to find inner node Pak for hierarchical cache Hierarchy.
[2016.06.10-00.21.08:836][  0]LogDerivedDataCache: FDerivedDataBackendGraph:  CompressedPak pak cache file C:/Users/JohnGarth/Documents/GitHub/2016-Summer/BIO_RUBE_V1 4.12/DerivedDataCache/Compressed.ddp not found, will not use a pak cache.
[2016.06.10-00.21.08:836][  0]LogDerivedDataCache: Unable to find inner node CompressedPak for hierarchical cache Hierarchy.
[2016.06.10-00.21.08:861][  0]LogDerivedDataCache:Display: Pak cache opened for reading ../../../Engine/DerivedDataCache/Compressed.ddp.
[2016.06.10-00.21.08:873][  0]LogDerivedDataCache: Using Local data cache path C:/Users/JohnGarth/AppData/Local/UnrealEngine/Common/DerivedDataCache: Writable
[2016.06.10-00.21.11:879][  0]LogInit: Selected Device Profile: [Windows]
[2016.06.10-00.21.11:885][  0]LogContentStreaming: Texture pool size is 0.00 MB
[2016.06.10-00.21.12:836][  0]LogMeshUtilities: No automatic mesh reduction module available
[2016.06.10-00.21.12:836][  0]LogMeshUtilities: No automatic mesh merging module available
[2016.06.10-00.21.12:836][  0]LogMeshUtilities: No distributed automatic mesh merging module available
[2016.06.10-00.21.13:927][  0]LogAssetRegistry: FAssetRegistry took 0.0230 seconds to start up
[2016.06.10-00.21.13:969][  0]LogPackageLocalizationCache: Processed 3 localized package path(s) for 2 prioritized culture(s) in 0.028275 seconds
[2016.06.10-00.21.13:988][  0]LogUObjectArray: 28739 objects as part of root set at end of initial load.
[2016.06.10-00.21.13:988][  0]LogUObjectAllocator: 5855624 out of 0 bytes used by permanent object pool.
[2016.06.10-00.21.13:988][  0]LogUObjectArray: CloseDisregardForGC: 0/0 objects in disregard for GC pool
[2016.06.10-00.21.13:999][  0]LogInit: WinSock: version 1.1 (2.2), MaxSocks=32767, MaxUdp=65467
[2016.06.10-00.21.15:838][  0]LogSlate: SlateFontCache - WITH_FREETYPE: 1, WITH_HARFBUZZ: 1
[2016.06.10-00.21.15:838][  0]LogSlate: SlateFontCache - WITH_FREETYPE: 1, WITH_HARFBUZZ: 1
[2016.06.10-00.21.19:364][  0]LogUdpMessaging: Initializing bridge on interface 0.0.0.0:0 to multicast group 230.0.0.1:6666.
[2016.06.10-00.21.20:158][  0]SourceControl: Info Source control is disabled
[2016.06.10-00.21.22:240][  0]LogEngine: Initializing Engine...
[2016.06.10-00.21.22:418][  0]LogHMD: SteamVR failed to initialize.  Err: 108
[2016.06.10-00.21.22:439][  0]LogHMD: SteamVR failed to initialize.  Err: 108
[2016.06.10-00.21.22:779][  0]LogAIModule: Creating AISystem for world NewWorld
[2016.06.10-00.21.22:851][  0]LogInit: XAudio2 using 'Headset Earphone (HyperX 7.1 Audio)' : 2 channels at 44.1 kHz using 16 bits per sample (channel mask 0x3)
[2016.06.10-00.21.22:860][  0]LogInit: FAudioDevice initialized.
[2016.06.10-00.21.22:892][  0]LogDerivedDataCache: Saved boot cache 0.03s 48MB C:/Users/JohnGarth/AppData/Local/UnrealEngine/4.12/DerivedDataCache/Boot.ddc.
[2016.06.10-00.21.22:896][  0]LogInit: Texture streaming: Enabled
[2016.06.10-00.21.23:022][  0]LogInit: Transaction tracking system initialized
[2016.06.10-00.21.23:224][  0]BlueprintLog: New page: Editor Load
[2016.06.10-00.21.23:875][  0]LocalizationService: Info Localization service is disabled
[2016.06.10-00.21.24:271][  0]LogConsoleResponse:Display: 
[2016.06.10-00.21.24:719][  0]LogFileCache: Scanning file cache for directory 'C:/Users/JohnGarth/Documents/GitHub/2016-Summer/BIO_RUBE_V1 4.12/Content/' took 0.02s
[2016.06.10-00.21.24:719][  0]LogCook:Display: Max memory allowance for cook 8192mb
[2016.06.10-00.21.24:719][  0]LogCook:Display: Mobile HDR setting 1
[2016.06.10-00.21.25:663][  0]Cmd: MAP LOAD FILE="C:/Users/JohnGarth/Documents/GitHub/2016-Summer/BIO_RUBE_V1 4.12/Content/HomeMenu.umap" TEMPLATE=0 SHOWPROGRESS=1 FEATURELEVEL=3
[2016.06.10-00.21.25:673][  0]LightingResults: New page: Lighting Build
[2016.06.10-00.21.25:731][  0]MapCheck: New page: Map Check
[2016.06.10-00.21.25:731][  0]LightingResults: New page: Lighting Build
[2016.06.10-00.21.25:998][  0]LogAIModule: Creating AISystem for world HomeMenu
[2016.06.10-00.21.26:003][  0]LogEditorServer: Finished looking for orphan Actors (0.000 secs)
[2016.06.10-00.21.26:011][  0]Cmd: MAP CHECKDEP NOCLEARLOG
[2016.06.10-00.21.26:050][  0]MapCheck: Info Map check complete: 0 Error(s), 0 Warning(s), took 37.701ms to complete.
[2016.06.10-00.21.26:050][  0]LogFileHelpers: Loading map 'HomeMenu' took 0.387
[2016.06.10-00.21.26:956][  0]LogCollectionManager: Loaded 0 collections in 0.001239 seconds
[2016.06.10-00.21.27:030][  0]LogFileCache: Scanning file cache for directory 'C:/Users/JohnGarth/Documents/GitHub/2016-Summer/BIO_RUBE_V1 4.12/Saved/Collections/' took 0.01s
[2016.06.10-00.21.27:031][  0]LogFileCache: Scanning file cache for directory 'C:/Users/JohnGarth/Documents/GitHub/2016-Summer/BIO_RUBE_V1 4.12/Content/Developers/JohnGarth/Collections/' took 0.01s
[2016.06.10-00.21.27:031][  0]LogFileCache: Scanning file cache for directory 'C:/Users/JohnGarth/Documents/GitHub/2016-Summer/BIO_RUBE_V1 4.12/Content/Collections/' took 0.01s
[2016.06.10-00.21.27:031][  0]LogCollectionManager: Rebuilt the GUID cache for 0 collections in 0.000003 seconds
[2016.06.10-00.21.27:049][  0]LogContentBrowser: Native class hierarchy populated in 0.0175 seconds. Added 2047 classes and 369 folders.
[2016.06.10-00.21.27:083][  0]LogStats: UGameplayTagsManager::ConstructGameplayTagTree: Construct from data asset -  0.000 s
[2016.06.10-00.21.27:084][  0]LogStats: UGameplayTagsManager::ConstructGameplayTagTree: GameplayTagTreeChangedEvent.Broadcast -  0.000 s
[2016.06.10-00.21.27:085][  0]LogContentBrowser: Native class hierarchy updated for 'GameplayTags' in 0.0006 seconds. Added 12 classes and 0 folders.
[2016.06.10-00.21.27:114][  0]LogContentBrowser: Native class hierarchy updated for 'WidgetCarousel' in 0.0005 seconds. Added 0 classes and 0 folders.
[2016.06.10-00.21.27:809][  0]LogContentBrowser: Native class hierarchy updated for 'AddContentDialog' in 0.0004 seconds. Added 0 classes and 0 folders.
[2016.06.10-00.21.27:842][  0]LogContentBrowser: Native class hierarchy updated for 'SceneOutliner' in 0.0004 seconds. Added 1 classes and 2 folders.
[2016.06.10-00.21.28:037][  0]LogCrashTracker: Crashtracker disabled due to settings.
[2016.06.10-00.21.28:062][  0]LogUObjectGlobals:Warning: Failed to find object 'Class None.'
[2016.06.10-00.21.28:131][  0]LogContentBrowser: Native class hierarchy updated for 'HierarchicalLODOutliner' in 0.0005 seconds. Added 1 classes and 2 folders.
[2016.06.10-00.21.28:131][  0]LogLoad: Full Startup: 25.46 seconds (BP compile: 0.16 seconds)
[2016.06.10-00.21.28:131][  0]LogExternalProfiler: Found external profiler: VSPerf
[2016.06.10-00.21.28:131][  0]LogExternalProfiler: Using external profiler: VSPerf
[2016.06.10-00.21.28:143][  0]LogOcInput: OculusInput pre-init called
[2016.06.10-00.21.28:214][  0]SourceControl: Info On branch master
[2016.06.10-00.21.28:214][  0]SourceControl: Info Your branch is behind 'origin/master' by 4 commits, and can be fast-forwarded.
[2016.06.10-00.21.28:214][  0]SourceControl: Info   (use "git pull" to update your local branch)
[2016.06.10-00.21.28:215][  0]SourceControl: Info Changes not staged for commit:
[2016.06.10-00.21.28:215][  0]SourceControl: Info   (use "git add <file>..." to update what will be committed)
[2016.06.10-00.21.28:215][  0]SourceControl: Info   (use "git checkout -- <file>..." to discard changes in working directory)
[2016.06.10-00.21.28:215][  0]SourceControl: Info 	modified:   BIO_RUBE_V1 4.12/Content/HomeMenu.umap
[2016.06.10-00.21.28:215][  0]SourceControl: Info 	modified:   BIO_RUBE_V1 4.12/Intermediate/CachedAssetRegistry.bin
[2016.06.10-00.21.28:215][  0]SourceControl: Info 	modified:   BIO_RUBE_V1 4.12/Saved/AutoScreenshot.png
[2016.06.10-00.21.28:215][  0]SourceControl: Info 	modified:   BIO_RUBE_V1 4.12/Saved/Autosaves/PackageRestoreData.json
[2016.06.10-00.21.28:215][  0]SourceControl: Info 	modified:   BIO_RUBE_V1 4.12/Saved/Config/Windows/EditorPerProjectUserSettings.ini
[2016.06.10-00.21.28:215][  0]SourceControl: Info 	modified:   BIO_RUBE_V1 4.12/Saved/Config/Windows/Engine.ini
[2016.06.10-00.21.28:215][  0]SourceControl: Info 	modified:   BIO_RUBE_V1 4.12/Saved/Logs/BIO_RUBE_V1.log
[2016.06.10-00.21.28:215][  0]SourceControl: Info Untracked files:
[2016.06.10-00.21.28:215][  0]SourceControl: Info   (use "git add <file>..." to include in what will be committed)
[2016.06.10-00.21.28:215][  0]SourceControl: Info 	BIO_RUBE_V1 4.12/Saved/Backup/HomeMenu_2016-06-09-18-06-37.umap
[2016.06.10-00.21.28:215][  0]SourceControl: Info 	BIO_RUBE_V1 4.12/Saved/Backup/HomeMenu_2016-06-09-18-15-07.umap
[2016.06.10-00.21.28:215][  0]SourceControl: Info 	BIO_RUBE_V1 4.12/Saved/Logs/BIO_RUBE_V1-backup-2016.06.09-18.06.08.log
[2016.06.10-00.21.28:215][  0]SourceControl: Info 	BIO_RUBE_V1 4.12/Saved/Logs/BIO_RUBE_V1-backup-2016.06.09-18.07.10.log
[2016.06.10-00.21.28:215][  0]SourceControl: Info 	BIO_RUBE_V1 4.12/Saved/Logs/BIO_RUBE_V1-backup-2016.06.09-19.21.04.log
[2016.06.10-00.21.28:215][  0]SourceControl: Info no changes added to commit (use "git add" and/or "git commit -a")
[2016.06.10-00.21.28:215][  0]LogContentStreaming: Texture pool size now 1000 MB
[2016.06.10-00.21.28:584][  0]LogRenderer: Reallocating scene render targets to support 1208x580 (Frame:2).
[2016.06.10-00.21.29:043][  2]LogAssetRegistry: Asset discovery search completed in 15.1391 seconds
[2016.06.10-00.21.29:055][  2]LogCollectionManager: Rebuilt the object cache for 0 collections in 0.000001 seconds (found 0 objects)
[2016.06.10-00.21.29:055][  2]LogCollectionManager: Fixed up redirectors for 0 collections in 0.011572 seconds (updated 0 objects)
[2016.06.10-00.22.01:608][440]LogEditorViewport: Clicking Background
[2016.06.10-00.22.04:985][845]LogEditorViewport: Clicking on Actor (LMB): PaperSpriteActor (play_new_1_Sprite)
[2016.06.10-00.22.07:224][ 85]LogText:Warning: Failed to parse argument "GameModeName" as a number (using "0" as a fallback). Please check your format string for errors: "GameMode: {GameModeName}".
[2016.06.10-00.22.09:798][375]LogText:Warning: Failed to parse argument "RootClass" as a number (using "0" as a fallback). Please check your format string for errors: "Select {RootClass} Class".
[2016.06.10-00.22.09:798][375]LogText:Warning: Failed to parse argument "GameStateName" as a number (using "0" as a fallback). Please check your format string for errors: "GameState: {GameStateName}".
[2016.06.10-00.22.09:798][375]LogText:Warning: Failed to parse argument "PawnName" as a number (using "0" as a fallback). Please check your format string for errors: "Pawn: {PawnName}".
[2016.06.10-00.22.09:798][375]LogText:Warning: Failed to parse argument "HUDName" as a number (using "0" as a fallback). Please check your format string for errors: "HUD: {HUDName}".
[2016.06.10-00.22.09:798][375]LogText:Warning: Failed to parse argument "PlayerControllerName" as a number (using "0" as a fallback). Please check your format string for errors: "PlayerController: {PlayerControllerName}".
[2016.06.10-00.22.09:870][379]LogText:Warning: Failed to parse argument "RootClass" as a number (using "0" as a fallback). Please check your format string for errors: "Select {RootClass} Class".
[2016.06.10-00.22.10:775][481]LogText:Warning: Failed to parse argument "RootClass" as a number (using "0" as a fallback). Please check your format string for errors: "Select {RootClass} Class".
[2016.06.10-00.22.10:775][481]LogText:Warning: Failed to parse argument "GameStateName" as a number (using "0" as a fallback). Please check your format string for errors: "GameState: {GameStateName}".
[2016.06.10-00.22.10:775][481]LogText:Warning: Failed to parse argument "PawnName" as a number (using "0" as a fallback). Please check your format string for errors: "Pawn: {PawnName}".
[2016.06.10-00.22.10:775][481]LogText:Warning: Failed to parse argument "HUDName" as a number (using "0" as a fallback). Please check your format string for errors: "HUD: {HUDName}".
[2016.06.10-00.22.10:775][481]LogText:Warning: Failed to parse argument "PlayerControllerName" as a number (using "0" as a fallback). Please check your format string for errors: "PlayerController: {PlayerControllerName}".
[2016.06.10-00.22.11:462][562]LogEditorViewport: Clicking on Actor (LMB): PaperSpriteActor (play_new_1_Sprite)
[2016.06.10-00.22.21:455][627]LogContentBrowser: Native class hierarchy updated for 'BlueprintGraph' in 0.0008 seconds. Added 111 classes and 0 folders.
[2016.06.10-00.22.22:171][627]LogTexture:Display: Building textures: TilePatine_N (BC5)
[2016.06.10-00.22.22:229][627]LogTexture:Display: Building textures: TilePatine_D (AutoDXT)
[2016.06.10-00.22.51:270][631]LogTexture:Display: Building textures: CameraActor_64x (BGRA8)
[2016.06.10-00.22.51:276][631]LogTexture:Display: Building textures: BlueprintInterface_64x (BGRA8)
[2016.06.10-00.22.51:290][631]LogTexture:Display: Building textures: BlueprintMacroLibrary_64x (BGRA8)
[2016.06.10-00.22.51:473][631]LogTexture:Display: Building textures: IOS (BGRA8)
[2016.06.10-00.22.51:488][631]LogTexture:Display: Building textures: android_Icon (BGRA8)
[2016.06.10-00.22.51:508][631]LogTexture:Display: Building textures: Paper2DFlipbook_TutorialIcon (BGRA8)
[2016.06.10-00.25.05:544][795]BlueprintLog: New page: Pre-Play auto-recompile
[2016.06.10-00.25.05:548][795]LogPlayLevel: [PlayLevel] Compiling play_new_1_Sprite_Blueprint before play...
[2016.06.10-00.25.05:554][795]LogBlueprint:Error: Compiler Error Event Dispatcher pin is not connected  Bind Event to OnClicked 
[2016.06.10-00.25.05:856][795]LogBlueprint:Warning: Compiler Warning [0243.18] Compile of play_new_1_Sprite_Blueprint failed. 1 Fatal Issue(s) 0 Warning(s) [in 305 ms] (/Game/play_new_1_Sprite_Blueprint.play_new_1_Sprite_Blueprint)
[2016.06.10-00.25.05:856][795]LogBlueprint:Warning: Compiler Warning [0243.18] Compile of play_new_1_Sprite_Blueprint failed. 1 Fatal Issue(s) 1 Warning(s) [in 0 ms] (/Game/play_new_1_Sprite_Blueprint.play_new_1_Sprite_Blueprint)
[2016.06.10-00.25.05:856][795]LogBlueprint:Warning: Compiler Warning [0243.18] Compile of play_new_1_Sprite_Blueprint failed. 1 Fatal Issue(s) 2 Warning(s) [in 0 ms] (/Game/play_new_1_Sprite_Blueprint.play_new_1_Sprite_Blueprint)
[2016.06.10-00.25.05:856][795]LogBlueprint:Warning: Compiler Warning [0243.18] Compile of play_new_1_Sprite_Blueprint failed. 1 Fatal Issue(s) 3 Warning(s) [in 0 ms] (/Game/play_new_1_Sprite_Blueprint.play_new_1_Sprite_Blueprint)
[2016.06.10-00.25.05:859][795]LogBlueprint:Warning: Compiler Warning [0243.18] Compile of play_new_1_Sprite_Blueprint failed. 1 Fatal Issue(s) 4 Warning(s) [in 2 ms] (/Game/play_new_1_Sprite_Blueprint.play_new_1_Sprite_Blueprint)
[2016.06.10-00.25.05:859][795]LogBlueprint:Warning: Compiler Warning [0243.18] Compile of play_new_1_Sprite_Blueprint failed. 1 Fatal Issue(s) 5 Warning(s) [in 0 ms] (/Game/play_new_1_Sprite_Blueprint.play_new_1_Sprite_Blueprint)
[2016.06.10-00.25.05:865][795]LogPlayLevel: PlayLevel: Blueprint regeneration took 321 ms (1 blueprints)
[2016.06.10-00.25.05:929][795]BlueprintLog: Info Blueprint play_new_1_Sprite_Blueprint failed to compile
[2016.06.10-00.31.28:879][779]Cmd: OBJ SAVEPACKAGE PACKAGE="/Game/HomeMenu" FILE="C:/Users/JohnGarth/Documents/GitHub/2016-Summer/BIO_RUBE_V1 4.12/Saved/Autosaves/Game/HomeMenu_Auto1.umap" SILENT=true AUTOSAVING=true KEEPDIRTY=false
[2016.06.10-00.31.28:922][779]LogSavePackage: Save=39.17ms
[2016.06.10-00.31.28:922][779]LogSavePackage: Moving 'C:/Users/JohnGarth/Documents/GitHub/2016-Summer/BIO_RUBE_V1 4.12/Saved/HomeMenu_Auto1EB39C3C9491F6E65C3BF6E8118BBCE43.tmp' to 'C:/Users/JohnGarth/Documents/GitHub/2016-Summer/BIO_RUBE_V1 4.12/Saved/Autosaves/Game/HomeMenu_Auto1.umap'
[2016.06.10-00.31.28:923][779]LogSavePackage:Display: Finished SavePackage C:/Users/JohnGarth/Documents/GitHub/2016-Summer/BIO_RUBE_V1 4.12/Saved/Autosaves/Game/HomeMenu_Auto1.umap
[2016.06.10-00.31.28:925][779]LogFileHelpers: Editor autosave (incl. sublevels) for '/Game/HomeMenu' took 0.065
[2016.06.10-00.31.28:925][779]LogFileHelpers: Editor autosave (incl. sublevels) for all levels took 0.065
[2016.06.10-00.31.28:929][779]OBJ SavePackage: Generating thumbnails for [0] asset(s) in package [/Game/play_new_1_Sprite_Blueprint] ([1] browsable assets)...
[2016.06.10-00.31.28:929][779]OBJ SavePackage: Finished generating thumbnails for package [/Game/play_new_1_Sprite_Blueprint]
[2016.06.10-00.31.28:952][779]LogSavePackage: Save=21.80ms
[2016.06.10-00.31.28:952][779]LogSavePackage: Moving 'C:/Users/JohnGarth/Documents/GitHub/2016-Summer/BIO_RUBE_V1 4.12/Saved/play_new_1_Sprite_Blueprint_Auto1BBCD876146341767A50B04A64A439242.tmp' to 'C:/Users/JohnGarth/Documents/GitHub/2016-Summer/BIO_RUBE_V1 4.12/Saved/Autosaves/Game/play_new_1_Sprite_Blueprint_Auto1.uasset'
[2016.06.10-00.31.28:953][779]LogSavePackage:Display: Finished SavePackage C:/Users/JohnGarth/Documents/GitHub/2016-Summer/BIO_RUBE_V1 4.12/Saved/Autosaves/Game/play_new_1_Sprite_Blueprint_Auto1.uasset
[2016.06.10-00.31.28:953][779]LogFileHelpers: Auto-saving content packages took 0.026
[2016.06.10-01.04.13:638][873]LogEditorViewport: Clicking on Actor (LMB): play_new_1_Sprite_Blueprint_C (play_new_1_Sprite_Blueprint)
[2016.06.10-01.04.16:896][ 57]Cmd: OBJ SAVEPACKAGE PACKAGE="/Game/HomeMenu" FILE="C:/Users/JohnGarth/Documents/GitHub/2016-Summer/BIO_RUBE_V1 4.12/Content/HomeMenu.umap" SILENT=true AUTOSAVING=false KEEPDIRTY=false
[2016.06.10-01.04.16:945][ 57]LogSavePackage: Save=16.05ms
[2016.06.10-01.04.16:945][ 57]LogSavePackage: Moving 'C:/Users/JohnGarth/Documents/GitHub/2016-Summer/BIO_RUBE_V1 4.12/Saved/HomeMenu53634822426FC443BA00A0A0FA0F69F3.tmp' to 'C:/Users/JohnGarth/Documents/GitHub/2016-Summer/BIO_RUBE_V1 4.12/Content/HomeMenu.umap'
[2016.06.10-01.04.16:948][ 57]LogSavePackage:Display: Finished SavePackage C:/Users/JohnGarth/Documents/GitHub/2016-Summer/BIO_RUBE_V1 4.12/Content/HomeMenu.umap
[2016.06.10-01.04.16:979][ 57]LogFileHelpers: Saving map 'HomeMenu' took 0.132
[2016.06.10-01.04.16:981][ 57]Cmd: OBJ SAVEPACKAGE PACKAGE="/Game/play_new_1_Sprite_Blueprint" FILE="C:/Users/JohnGarth/Documents/GitHub/2016-Summer/BIO_RUBE_V1 4.12/Content/play_new_1_Sprite_Blueprint.uasset" SILENT=true
[2016.06.10-01.04.16:996][ 57]LogSavePackage: Save=13.93ms
[2016.06.10-01.04.16:996][ 57]LogSavePackage: Moving 'C:/Users/JohnGarth/Documents/GitHub/2016-Summer/BIO_RUBE_V1 4.12/Saved/play_new_1_Sprite_Blueprint3D28894E43FFBD17511C1E9B5BB7BA39.tmp' to 'C:/Users/JohnGarth/Documents/GitHub/2016-Summer/BIO_RUBE_V1 4.12/Content/play_new_1_Sprite_Blueprint.uasset'
[2016.06.10-01.04.16:999][ 57]LogSavePackage:Display: Finished SavePackage C:/Users/JohnGarth/Documents/GitHub/2016-Summer/BIO_RUBE_V1 4.12/Content/play_new_1_Sprite_Blueprint.uasset
[2016.06.10-01.04.17:499][ 57]LogWindowsTextInputMethodSystem:Display: IME system now deactivated.
[2016.06.10-01.04.17:761][ 58]Cmd: QUIT_EDITOR
[2016.06.10-01.04.18:038][ 58]LogExit: Preparing to exit.
[2016.06.10-01.04.19:657][ 58]LogExit: Editor shut down
[2016.06.10-01.04.19:662][ 58]LogExit: Transaction tracking system shut down
[2016.06.10-01.04.20:916][ 58]LogObj: Freed 0b from 0 cluster array pools.
[2016.06.10-01.04.20:916][ 58]LogExit: Object subsystem successfully closed.
[2016.06.10-01.04.21:167][ 58]LogD3D11RHI: Shutdown
[2016.06.10-01.04.21:167][ 58]LogD3D11RHI: CleanupD3DDevice
[2016.06.10-01.04.21:273][ 58]LogD3D11RHI: ~FD3D11DynamicRHI
[2016.06.10-01.04.21:804][ 58]LogModuleManager: Shutting down and abandoning module BlueprintGraph (214)
[2016.06.10-01.04.21:812][ 58]LogModuleManager: Shutting down and abandoning module HierarchicalLODOutliner (213)
[2016.06.10-01.04.21:822][ 58]LogModuleManager: Shutting down and abandoning module CrashTracker (212)
[2016.06.10-01.04.21:822][ 58]LogModuleManager: Shutting down and abandoning module SceneOutliner (211)
[2016.06.10-01.04.21:822][ 58]LogModuleManager: Shutting down and abandoning module WidgetCarousel (210)
[2016.06.10-01.04.21:827][ 58]LogModuleManager: Shutting down and abandoning module AddContentDialog (209)
[2016.06.10-01.04.21:847][ 58]LogModuleManager: Shutting down and abandoning module GameplayTags (208)
[2016.06.10-01.04.21:847][ 58]LogModuleManager: Shutting down and abandoning module EditorWidgets (207)
[2016.06.10-01.04.21:847][ 58]LogModuleManager: Shutting down and abandoning module CollectionManager (206)
[2016.06.10-01.04.21:859][ 58]LogModuleManager: Shutting down and abandoning module StatsViewer (205)
[2016.06.10-01.04.21:860][ 58]LogModuleManager: Shutting down and abandoning module FoliageEdit (204)
[2016.06.10-01.04.21:860][ 58]LogModuleManager: Shutting down and abandoning module LandscapeEditor (203)
[2016.06.10-01.04.21:867][ 58]LogModuleManager: Shutting down and abandoning module SceneDepthPickerMode (202)
[2016.06.10-01.04.21:867][ 58]LogModuleManager: Shutting down and abandoning module ActorPickerMode (201)
[2016.06.10-01.04.21:867][ 58]LogModuleManager: Shutting down and abandoning module GeometryMode (200)
[2016.06.10-01.04.21:867][ 58]LogModuleManager: Shutting down and abandoning module TextureAlignMode (199)
[2016.06.10-01.04.21:867][ 58]LogModuleManager: Shutting down and abandoning module BspMode (198)
[2016.06.10-01.04.21:876][ 58]LogModuleManager: Shutting down and abandoning module HardwareSurvey (197)
[2016.06.10-01.04.21:880][ 58]LogModuleManager: Shutting down and abandoning module SequenceRecorderSections (196)
[2016.06.10-01.04.21:880][ 58]LogModuleManager: Shutting down and abandoning module SequenceRecorder (195)
[2016.06.10-01.04.21:887][ 58]LogModuleManager: Shutting down and abandoning module AutomationWorker (194)
[2016.06.10-01.04.21:887][ 58]LogModuleManager: Shutting down and abandoning module MatineeToLevelSequence (193)
[2016.06.10-01.04.21:896][ 58]LogModuleManager: Shutting down and abandoning module PlacementMode (192)
[2016.06.10-01.04.21:902][ 58]LogModuleManager: Shutting down and abandoning module LevelSequenceEditor (191)
[2016.06.10-01.04.21:907][ 58]LogModuleManager: Shutting down and abandoning module CharacterAI (190)
[2016.06.10-01.04.21:908][ 58]LogModuleManager: Shutting down and abandoning module SmartSnapping (189)
[2016.06.10-01.04.21:908][ 58]LogModuleManager: Shutting down and abandoning module SessionServices (188)
[2016.06.10-01.04.21:908][ 58]LogModuleManager: Shutting down and abandoning module ViewportSnapping (187)
[2016.06.10-01.04.21:908][ 58]LogModuleManager: Shutting down and abandoning module LogVisualizer (186)
[2016.06.10-01.04.21:914][ 58]LogModuleManager: Shutting down and abandoning module GameProjectGeneration (185)
[2016.06.10-01.04.21:936][ 58]LogModuleManager: Shutting down and abandoning module IntroTutorials (184)
[2016.06.10-01.04.21:936][ 58]LogModuleManager: Shutting down and abandoning module EditorLiveStreaming (183)
[2016.06.10-01.04.21:936][ 58]LogModuleManager: Shutting down and abandoning module IOSPlatformEditor (182)
[2016.06.10-01.04.21:936][ 58]LogModuleManager: Shutting down and abandoning module HTML5PlatformEditor (181)
[2016.06.10-01.04.21:936][ 58]LogModuleManager: Shutting down and abandoning module AndroidDeviceDetection (180)
[2016.06.10-01.04.22:875][ 58]LogModuleManager: Shutting down and abandoning module AndroidPlatformEditor (179)
[2016.06.10-01.04.22:875][ 58]LogModuleManager: Shutting down and abandoning module IOSRuntimeSettings (178)
[2016.06.10-01.04.22:875][ 58]LogModuleManager: Shutting down and abandoning module AndroidRuntimeSettings (177)
[2016.06.10-01.04.22:875][ 58]LogModuleManager: Shutting down and abandoning module MergeActors (176)
[2016.06.10-01.04.22:894][ 58]LogModuleManager: Shutting down and abandoning module SizeMap (175)
[2016.06.10-01.04.22:894][ 58]LogModuleManager: Shutting down and abandoning module TreeMap (174)
[2016.06.10-01.04.22:899][ 58]LogModuleManager: Shutting down and abandoning module ReferenceViewer (173)
[2016.06.10-01.04.22:902][ 58]LogModuleManager: Shutting down and abandoning module LocalizationService (172)
[2016.06.10-01.04.22:902][ 58]LogModuleManager: Shutting down and abandoning module LocalizationDashboard (171)
[2016.06.10-01.04.22:912][ 58]LogModuleManager: Shutting down and abandoning module HardwareTargeting (170)
[2016.06.10-01.04.22:915][ 58]LogModuleManager: Shutting down and abandoning module DeviceProfileEditor (169)
[2016.06.10-01.04.22:919][ 58]LogModuleManager: Shutting down and abandoning module UndoHistory (168)
[2016.06.10-01.04.22:925][ 58]LogModuleManager: Shutting down and abandoning module UserFeedback (167)
[2016.06.10-01.04.22:925][ 58]LogModuleManager: Shutting down and abandoning module XmlParser (166)
[2016.06.10-01.04.22:933][ 58]LogModuleManager: Shutting down and abandoning module Blutility (165)
[2016.06.10-01.04.22:941][ 58]LogModuleManager: Shutting down and abandoning module ProjectTargetPlatformEditor (164)
[2016.06.10-01.04.22:951][ 58]LogModuleManager: Shutting down and abandoning module ProjectSettingsViewer (163)
[2016.06.10-01.04.22:951][ 58]LogModuleManager: Shutting down and abandoning module InputBindingEditor (162)
[2016.06.10-01.04.22:962][ 58]LogModuleManager: Shutting down and abandoning module EditorSettingsViewer (161)
[2016.06.10-01.04.22:962][ 58]LogModuleManager: Shutting down and abandoning module SettingsEditor (160)
[2016.06.10-01.04.22:963][ 58]LogModuleManager: Shutting down and abandoning module ProjectLauncher (159)
[2016.06.10-01.04.22:979][ 58]LogModuleManager: Shutting down and abandoning module SessionFrontend (158)
[2016.06.10-01.04.22:989][ 58]LogModuleManager: Shutting down and abandoning module ProfilerClient (157)
[2016.06.10-01.04.22:993][ 58]LogModuleManager: Shutting down and abandoning module TargetDeviceServices (156)
[2016.06.10-01.04.22:993][ 58]LogModuleManager: Shutting down and abandoning module DeviceManager (155)
[2016.06.10-01.04.23:042][ 58]LogModuleManager: Shutting down and abandoning module AutomationController (154)
[2016.06.10-01.04.23:047][ 58]LogModuleManager: Shutting down and abandoning module AutomationWindow (153)
[2016.06.10-01.04.23:062][ 58]LogModuleManager: Shutting down and abandoning module Layers (152)
[2016.06.10-01.04.23:074][ 58]LogModuleManager: Shutting down and abandoning module ComponentVisualizers (151)
[2016.06.10-01.04.23:074][ 58]LogModuleManager: Shutting down and abandoning module DetailCustomizations (150)
[2016.06.10-01.04.23:102][ 58]LogModuleManager: Shutting down and abandoning module PackagesDialog (149)
[2016.06.10-01.04.23:102][ 58]LogModuleManager: Shutting down and abandoning module Persona (148)
[2016.06.10-01.04.23:128][ 58]LogModuleManager: Shutting down and abandoning module Kismet (147)
[2016.06.10-01.04.23:133][ 58]LogModuleManager: Shutting down and abandoning module GraphEditor (146)
[2016.06.10-01.04.23:133][ 58]LogModuleManager: Shutting down and abandoning module ClassViewer (145)
[2016.06.10-01.04.23:143][ 58]LogModuleManager: Shutting down and abandoning module Toolbox (144)
[2016.06.10-01.04.23:143][ 58]LogModuleManager: Shutting down and abandoning module ModuleUI (143)
[2016.06.10-01.04.23:151][ 58]LogModuleManager: Shutting down and abandoning module MovieSceneTools (142)
[2016.06.10-01.04.23:166][ 58]LogModuleManager: Shutting down and abandoning module OutputLog (141)
[2016.06.10-01.04.23:169][ 58]LogModuleManager: Shutting down and abandoning module GammaUI (140)
[2016.06.10-01.04.23:172][ 58]LogModuleManager: Shutting down and abandoning module Documentation (139)
[2016.06.10-01.04.23:174][ 58]LogModuleManager: Shutting down and abandoning module StreamingPauseRendering (138)
[2016.06.10-01.04.23:174][ 58]LogModuleManager: Shutting down and abandoning module AnalyticsET (137)
[2016.06.10-01.04.23:174][ 58]LogModuleManager: Shutting down and abandoning module Analytics (136)
[2016.06.10-01.04.23:174][ 58]LogModuleManager: Shutting down and abandoning module PortalServices (135)
[2016.06.10-01.04.23:174][ 58]LogModuleManager: Shutting down and abandoning module PortalRpc (134)
[2016.06.10-01.04.23:174][ 58]LogModuleManager: Shutting down and abandoning module MessagingRpc (133)
[2016.06.10-01.04.23:174][ 58]LogModuleManager: Shutting down and abandoning module GameplayDebugger (132)
[2016.06.10-01.04.23:183][ 58]LogModuleManager: Shutting down and abandoning module AITestSuite (131)
[2016.06.10-01.04.23:190][ 58]LogModuleManager: Shutting down and abandoning module AIModule (130)
[2016.06.10-01.04.23:190][ 58]LogModuleManager: Shutting down and abandoning module ProfilerService (129)
[2016.06.10-01.04.23:207][ 58]LogModuleManager: Shutting down and abandoning module TaskGraph (128)
[2016.06.10-01.04.23:218][ 58]LogModuleManager: Shutting down and abandoning module SlateRemote (127)
[2016.06.10-01.04.23:218][ 58]LogModuleManager: Shutting down and abandoning module SteamVRController (126)
[2016.06.10-01.04.23:218][ 58]LogModuleManager: Shutting down and abandoning module SteamVR (125)
[2016.06.10-01.04.23:218][ 58]LogModuleManager: Shutting down and abandoning module ProceduralMeshComponent (124)
[2016.06.10-01.04.23:218][ 58]LogModuleManager: Shutting down and abandoning module OculusLibrary (123)
[2016.06.10-01.04.23:218][ 58]LogModuleManager: Shutting down and abandoning module OculusInput (122)
[2016.06.10-01.04.23:219][ 58]LogModuleManager: Shutting down and abandoning module CustomMeshComponent (121)
[2016.06.10-01.04.23:219][ 58]LogModuleManager: Shutting down and abandoning module CableComponent (120)
[2016.06.10-01.04.23:219][ 58]LogModuleManager: Shutting down and abandoning module ArchVisCharacter (119)
[2016.06.10-01.04.23:219][ 58]LogModuleManager: Shutting down and abandoning module MediaPlayerEditor (118)
[2016.06.10-01.04.23:244][ 58]LogModuleManager: Shutting down and abandoning module HTML5Networking (117)
[2016.06.10-01.04.23:244][ 58]LogModuleManager: Shutting down and abandoning module SuperSearch (116)
[2016.06.10-01.04.23:244][ 58]LogModuleManager: Shutting down and abandoning module SuperSearchEditor (115)
[2016.06.10-01.04.23:244][ 58]LogModuleManager: Shutting down and abandoning module SpeedTreeImporter (114)
[2016.06.10-01.04.23:244][ 58]LogModuleManager: Shutting down and abandoning module PluginBrowser (113)
[2016.06.10-01.04.23:255][ 58]LogModuleManager: Shutting down and abandoning module EpicSurvey (112)
[2016.06.10-01.04.23:255][ 58]LogModuleManager: Shutting down and abandoning module DesktopPlatform (111)
[2016.06.10-01.04.23:267][ 58]LogModuleManager: Shutting down and abandoning module VisualStudioSourceCodeAccess (110)
[2016.06.10-01.04.23:267][ 58]LogModuleManager: Shutting down and abandoning module UObjectPlugin (109)
[2016.06.10-01.04.23:267][ 58]LogModuleManager: Shutting down and abandoning module SubversionSourceControl (108)
[2016.06.10-01.04.23:279][ 58]LogModuleManager: Shutting down and abandoning module PerforceSourceControl (107)
[2016.06.10-01.04.23:299][ 58]LogModuleManager: Shutting down and abandoning module SourceControl (106)
[2016.06.10-01.04.23:304][ 58]LogModuleManager: Shutting down and abandoning module GitSourceControl (105)
[2016.06.10-01.04.23:304][ 58]LogModuleManager: Shutting down and abandoning module LightPropagationVolumeEditor (104)
[2016.06.10-01.04.23:304][ 58]LogModuleManager: Shutting down and abandoning module PaperTiledImporter (103)
[2016.06.10-01.04.23:312][ 58]LogModuleManager: Shutting down and abandoning module PaperSpriteSheetImporter (102)
[2016.06.10-01.04.23:312][ 58]LogModuleManager: Shutting down and abandoning module MeshPaint (101)
[2016.06.10-01.04.23:316][ 58]LogModuleManager: Shutting down and abandoning module PixelInspectorModule (100)
[2016.06.10-01.04.23:326][ 58]LogModuleManager: Shutting down and abandoning module HotReload (99)
[2016.06.10-01.04.23:333][ 58]LogModuleManager: Shutting down and abandoning module MainFrame (98)
[2016.06.10-01.04.23:334][ 58]LogModuleManager: Shutting down and abandoning module LevelEditor (97)
[2016.06.10-01.04.23:346][ 58]LogModuleManager: Shutting down and abandoning module ContentBrowser (96)
[2016.06.10-01.04.23:348][ 58]LogModuleManager: Shutting down and abandoning module Paper2DEditor (95)
[2016.06.10-01.04.23:368][ 58]LogModuleManager: Shutting down and abandoning module UdpMessaging (94)
[2016.06.10-01.04.23:468][ 58]LogModuleManager: Shutting down and abandoning module LightPropagationVolumeRuntime (93)
[2016.06.10-01.04.23:468][ 58]LogModuleManager: Shutting down and abandoning module Paper2D (92)
[2016.06.10-01.04.23:473][ 58]LogModuleManager: Shutting down and abandoning module WindowsMoviePlayer (91)
[2016.06.10-01.04.23:473][ 58]LogModuleManager: Shutting down and abandoning module Media (90)
[2016.06.10-01.04.23:473][ 58]LogModuleManager: Shutting down and abandoning module WmfMedia (89)
[2016.06.10-01.04.23:482][ 58]LogModuleManager: Shutting down and abandoning module MediaAssets (88)
[2016.06.10-01.04.23:482][ 58]LogModuleManager: Shutting down and abandoning module GameLiveStreaming (87)
[2016.06.10-01.04.23:501][ 58]LogModuleManager: Shutting down and abandoning module GameplayTagsEditor (86)
[2016.06.10-01.04.23:501][ 58]LogModuleManager: Shutting down and abandoning module OnlineBlueprintSupport (85)
[2016.06.10-01.04.23:501][ 58]LogModuleManager: Shutting down and abandoning module VREditor (84)
[2016.06.10-01.04.23:511][ 58]LogModuleManager: Shutting down and abandoning module GameplayTasksEditor (83)
[2016.06.10-01.04.23:511][ 58]LogModuleManager: Shutting down and abandoning module PropertyEditor (82)
[2016.06.10-01.04.23:511][ 58]LogModuleManager: Shutting down and abandoning module BehaviorTreeEditor (81)
[2016.06.10-01.04.23:526][ 58]LogModuleManager: Shutting down and abandoning module FunctionalTesting (80)
[2016.06.10-01.04.23:526][ 58]LogModuleManager: Shutting down and abandoning module CollisionAnalyzer (79)
[2016.06.10-01.04.23:536][ 58]LogModuleManager: Shutting down and abandoning module Sequencer (78)
[2016.06.10-01.04.23:559][ 58]LogModuleManager: Shutting down and abandoning module WorkspaceMenuStructure (77)
[2016.06.10-01.04.23:559][ 58]LogModuleManager: Shutting down and abandoning module MessageLog (76)
[2016.06.10-01.04.23:559][ 58]LogModuleManager: Shutting down and abandoning module AssetTools (75)
[2016.06.10-01.04.23:631][ 58]LogModuleManager: Shutting down and abandoning module UMGEditor (74)
[2016.06.10-01.04.23:656][ 58]LogModuleManager: Shutting down and abandoning module UMG (73)
[2016.06.10-01.04.23:673][ 58]LogModuleManager: Shutting down and abandoning module SlateReflector (72)
[2016.06.10-01.04.23:694][ 58]LogModuleManager: Shutting down and abandoning module Slate (71)
[2016.06.10-01.04.23:694][ 58]LogModuleManager: Shutting down and abandoning module EditorStyle (70)
[2016.06.10-01.04.23:698][ 58]LogModuleManager: Shutting down and abandoning module SourceCodeAccess (69)
[2016.06.10-01.04.23:698][ 58]LogModuleManager: Shutting down and abandoning module HeadMountedDisplay (68)
[2016.06.10-01.04.23:698][ 58]LogModuleManager: Shutting down and abandoning module XAudio2 (67)
[2016.06.10-01.04.23:698][ 58]LogModuleManager: Shutting down and abandoning module Networking (65)
[2016.06.10-01.04.23:698][ 58]LogModuleManager: Shutting down and abandoning module Core (64)
[2016.06.10-01.04.23:698][ 58]LogModuleManager: Shutting down and abandoning module DirectoryWatcher (63)
[2016.06.10-01.04.23:703][ 58]LogModuleManager: Shutting down and abandoning module AssetRegistry (62)
[2016.06.10-01.04.23:894][ 58]LogModuleManager: Shutting down and abandoning module KismetCompiler (61)
[2016.06.10-01.04.23:894][ 58]LogModuleManager: Shutting down and abandoning module PhysXFormats (60)
[2016.06.10-01.04.23:900][ 58]LogModuleManager: Shutting down and abandoning module MeshUtilities (59)
[2016.06.10-01.04.23:914][ 58]LogModuleManager: Shutting down and abandoning module DerivedDataCache (58)
[2016.06.10-01.04.23:971][ 58]LogDerivedDataCache: Shutdown
[2016.06.10-01.04.23:971][ 58]LogModuleManager: Shutting down and abandoning module VulkanShaderFormat (57)
[2016.06.10-01.04.23:977][ 58]LogModuleManager: Shutting down and abandoning module ShaderFormatOpenGL (56)
[2016.06.10-01.04.23:981][ 58]LogModuleManager: Shutting down and abandoning module ShaderFormatD3D (55)
[2016.06.10-01.04.23:984][ 58]LogModuleManager: Shutting down and abandoning module MetalShaderFormat (54)
[2016.06.10-01.04.23:988][ 58]LogModuleManager: Shutting down and abandoning module TextureFormatUncompressed (53)
[2016.06.10-01.04.23:988][ 58]LogModuleManager: Shutting down and abandoning module TextureFormatPVR (52)
[2016.06.10-01.04.23:993][ 58]LogModuleManager: Shutting down and abandoning module TextureFormatIntelISPCTexComp (51)
[2016.06.10-01.04.23:994][ 58]LogModuleManager: Shutting down and abandoning module TextureFormatDXT (50)
[2016.06.10-01.04.23:994][ 58]LogModuleManager: Shutting down and abandoning module ImageWrapper (49)
[2016.06.10-01.04.23:994][ 58]LogModuleManager: Shutting down and abandoning module TextureFormatASTC (48)
[2016.06.10-01.04.23:994][ 58]LogModuleManager: Shutting down and abandoning module TextureFormatAndroid (47)
[2016.06.10-01.04.23:994][ 58]LogModuleManager: Shutting down and abandoning module AudioFormatOpus (46)
[2016.06.10-01.04.24:004][ 58]LogModuleManager: Shutting down and abandoning module AudioFormatOgg (45)
[2016.06.10-01.04.24:012][ 58]LogModuleManager: Shutting down and abandoning module AudioFormatADPCM (44)
[2016.06.10-01.04.24:014][ 58]LogModuleManager: Shutting down and abandoning module LinuxTargetPlatform (43)
[2016.06.10-01.04.24:014][ 58]LogModuleManager: Shutting down and abandoning module LinuxServerTargetPlatform (42)
[2016.06.10-01.04.24:023][ 58]LogModuleManager: Shutting down and abandoning module LinuxNoEditorTargetPlatform (41)
[2016.06.10-01.04.24:024][ 58]LogModuleManager: Shutting down and abandoning module TVOSTargetPlatform (40)
[2016.06.10-01.04.24:024][ 58]LogModuleManager: Shutting down and abandoning module Messaging (39)
[2016.06.10-01.04.24:025][ 58]LogModuleManager: Shutting down and abandoning module IOSTargetPlatform (38)
[2016.06.10-01.04.24:025][ 58]LogModuleManager: Shutting down and abandoning module HTML5TargetPlatform (37)
[2016.06.10-01.04.24:025][ 58]LogModuleManager: Shutting down and abandoning module Android_PVRTCTargetPlatform (36)
[2016.06.10-01.04.24:025][ 58]LogModuleManager: Shutting down and abandoning module Android_MultiTargetPlatform (35)
[2016.06.10-01.04.24:028][ 58]LogModuleManager: Shutting down and abandoning module Android_ETC2TargetPlatform (34)
[2016.06.10-01.04.24:028][ 58]LogModuleManager: Shutting down and abandoning module Android_ETC1TargetPlatform (33)
[2016.06.10-01.04.24:028][ 58]LogModuleManager: Shutting down and abandoning module Android_DXTTargetPlatform (32)
[2016.06.10-01.04.24:028][ 58]LogModuleManager: Shutting down and abandoning module Android_ATCTargetPlatform (31)
[2016.06.10-01.04.24:028][ 58]LogModuleManager: Shutting down and abandoning module Android_ASTCTargetPlatform (30)
[2016.06.10-01.04.24:028][ 58]LogModuleManager: Shutting down and abandoning module AndroidTargetPlatform (29)
[2016.06.10-01.04.24:028][ 58]LogModuleManager: Shutting down and abandoning module WindowsTargetPlatform (28)
[2016.06.10-01.04.24:028][ 58]LogModuleManager: Shutting down and abandoning module WindowsServerTargetPlatform (27)
[2016.06.10-01.04.24:041][ 58]LogModuleManager: Shutting down and abandoning module WindowsNoEditorTargetPlatform (26)
[2016.06.10-01.04.24:042][ 58]LogModuleManager: Shutting down and abandoning module WindowsClientTargetPlatform (25)
[2016.06.10-01.04.24:045][ 58]LogModuleManager: Shutting down and abandoning module AllDesktopTargetPlatform (24)
[2016.06.10-01.04.24:045][ 58]LogModuleManager: Shutting down and abandoning module TargetPlatform (23)
[2016.06.10-01.04.24:054][ 58]LogModuleManager: Shutting down and abandoning module InputCore (22)
[2016.06.10-01.04.24:054][ 58]LogModuleManager: Shutting down and abandoning module Settings (21)
[2016.06.10-01.04.24:054][ 58]LogModuleManager: Shutting down and abandoning module OnlineSubsystem (19)
[2016.06.10-01.04.24:064][ 58]LogModuleManager: Shutting down and abandoning module HTTP (18)
[2016.06.10-01.04.28:572][ 58]LogModuleManager: Shutting down and abandoning module XMPP (17)
[2016.06.10-01.04.28:594][ 58]LogModuleManager: Shutting down and abandoning module OculusRift (16)
[2016.06.10-01.04.28:620][ 58]LogModuleManager: Shutting down and abandoning module ExampleDeviceProfileSelector (15)
[2016.06.10-01.04.28:620][ 58]LogModuleManager: Shutting down and abandoning module TextureCompressor (14)
[2016.06.10-01.04.28:629][ 58]LogModuleManager: Shutting down and abandoning module ShaderCore (13)
[2016.06.10-01.04.28:629][ 58]LogModuleManager: Shutting down and abandoning module Landscape (12)
[2016.06.10-01.04.28:629][ 58]LogModuleManager: Shutting down and abandoning module SlateRHIRenderer (11)
[2016.06.10-01.04.28:674][ 58]LogModuleManager: Shutting down and abandoning module OpenGLDrv (10)
[2016.06.10-01.04.28:676][ 58]LogModuleManager: Shutting down and abandoning module D3D11RHI (9)
[2016.06.10-01.04.28:676][ 58]LogModuleManager: Shutting down and abandoning module AnimGraphRuntime (8)
[2016.06.10-01.04.28:676][ 58]LogModuleManager: Shutting down and abandoning module Renderer (7)
[2016.06.10-01.04.28:679][ 58]LogModuleManager: Shutting down and abandoning module Engine (6)
[2016.06.10-01.04.28:680][ 58]LogModuleManager: Shutting down and abandoning module CoreUObject (5)
[2016.06.10-01.04.28:680][ 58]LogModuleManager: Shutting down and abandoning module NetworkFile (4)
[2016.06.10-01.04.28:714][ 58]LogModuleManager: Shutting down and abandoning module StreamingFile (3)
[2016.06.10-01.04.28:717][ 58]LogModuleManager: Shutting down and abandoning module SandboxFile (2)
[2016.06.10-01.04.28:720][ 58]LogModuleManager: Shutting down and abandoning module PakFile (1)
[2016.06.10-01.04.28:741][ 58]LogExit: Exiting.
[2016.06.10-01.04.28:760][ 58]Log file closed, 06/09/16 20:04:28
